\BOOKMARK [1][-]{section.1}{Ejercicio 2}{}% 1
\BOOKMARK [1][-]{section.2}{Ejercicio 3}{}% 2
\BOOKMARK [2][-]{subsection.2.1}{Apartado A}{section.2}% 3
\BOOKMARK [2][-]{subsection.2.2}{Apartado B}{section.2}% 4
\BOOKMARK [2][-]{subsection.2.3}{Apartado C}{section.2}% 5
\BOOKMARK [2][-]{subsection.2.4}{Apartado D}{section.2}% 6
\BOOKMARK [2][-]{subsection.2.5}{Apartado E}{section.2}% 7
\BOOKMARK [2][-]{subsection.2.6}{Apartado F}{section.2}% 8
\BOOKMARK [1][-]{section.3}{Ejercicio 5B}{}% 9
\BOOKMARK [1][-]{section.4}{Ejercicio 10}{}% 10
\BOOKMARK [2][-]{subsection.4.1}{Apartado A}{section.4}% 11
\BOOKMARK [2][-]{subsection.4.2}{Apartado B}{section.4}% 12
\BOOKMARK [1][-]{section.5}{Ejercicio 11}{}% 13
\BOOKMARK [2][-]{subsection.5.1}{Apartado A}{section.5}% 14
\BOOKMARK [2][-]{subsection.5.2}{Apartado B}{section.5}% 15
\BOOKMARK [2][-]{subsection.5.3}{Apartado C}{section.5}% 16
\BOOKMARK [2][-]{subsection.5.4}{Apartado D}{section.5}% 17
\BOOKMARK [2][-]{subsection.5.5}{Apartado E}{section.5}% 18
\BOOKMARK [3][-]{subsubsection.5.5.1}{Subapartado I}{subsection.5.5}% 19
\BOOKMARK [3][-]{subsubsection.5.5.2}{Subapartado II}{subsection.5.5}% 20
\BOOKMARK [3][-]{subsubsection.5.5.3}{Subapartado III}{subsection.5.5}% 21
\BOOKMARK [3][-]{subsubsection.5.5.4}{Subapartado IV}{subsection.5.5}% 22
\BOOKMARK [2][-]{subsection.5.6}{Apartado F}{section.5}% 23
\BOOKMARK [3][-]{subsubsection.5.6.1}{Subapartado I}{subsection.5.6}% 24
\BOOKMARK [3][-]{subsubsection.5.6.2}{Subapartado II}{subsection.5.6}% 25
\BOOKMARK [3][-]{subsubsection.5.6.3}{Subapartado III}{subsection.5.6}% 26
